2006.08.12 18:45 B C:\apache2triad\htdocs\atenanet_2\img\icones\hor-livres.gif --> ftp.p4.inf.br /public_html/atenanet2/img/icones hor-livres.gif
2008.04.12 17:14 B D:\apache2triad\htdocs\Exathum Locaweb\area\img\icones\alerta.gif --> ftp975.locaweb.com.br /public_html/area/img/icones alerta.gif
2008.04.12 17:14 B D:\apache2triad\htdocs\Exathum Locaweb\area\img\icones\apostila.gif --> ftp975.locaweb.com.br /public_html/area/img/icones apostila.gif
2008.04.12 17:14 B D:\apache2triad\htdocs\Exathum Locaweb\area\img\icones\enquete.gif --> ftp975.locaweb.com.br /public_html/area/img/icones enquete.gif
2008.04.12 17:14 B D:\apache2triad\htdocs\Exathum Locaweb\area\img\icones\gabarito.gif --> ftp975.locaweb.com.br /public_html/area/img/icones gabarito.gif
2008.04.12 17:14 B D:\apache2triad\htdocs\Exathum Locaweb\area\img\icones\hor-livres.gif --> ftp975.locaweb.com.br /public_html/area/img/icones hor-livres.gif
2008.04.12 17:14 B D:\apache2triad\htdocs\Exathum Locaweb\area\img\icones\ico-apostila-virtual.gif --> ftp975.locaweb.com.br /public_html/area/img/icones ico-apostila-virtual.gif
2008.04.12 17:14 B D:\apache2triad\htdocs\Exathum Locaweb\area\img\icones\ico-apostila-virtual.jpg --> ftp975.locaweb.com.br /public_html/area/img/icones ico-apostila-virtual.jpg
2008.04.12 17:14 B D:\apache2triad\htdocs\Exathum Locaweb\area\img\icones\ico-atualidade.gif --> ftp975.locaweb.com.br /public_html/area/img/icones ico-atualidade.gif
2008.04.12 17:14 B D:\apache2triad\htdocs\Exathum Locaweb\area\img\icones\ico-backup.jpg --> ftp975.locaweb.com.br /public_html/area/img/icones ico-backup.jpg
2008.04.12 17:14 B D:\apache2triad\htdocs\Exathum Locaweb\area\img\icones\ico-cad-estudante.jpg --> ftp975.locaweb.com.br /public_html/area/img/icones ico-cad-estudante.jpg
2008.04.12 17:14 B D:\apache2triad\htdocs\Exathum Locaweb\area\img\icones\ico-cad-prof.jpg --> ftp975.locaweb.com.br /public_html/area/img/icones ico-cad-prof.jpg
2008.04.12 17:14 B D:\apache2triad\htdocs\Exathum Locaweb\area\img\icones\ico-cad-usuarios.jpg --> ftp975.locaweb.com.br /public_html/area/img/icones ico-cad-usuarios.jpg
2008.04.12 17:14 B D:\apache2triad\htdocs\Exathum Locaweb\area\img\icones\ico-cad1.gif --> ftp975.locaweb.com.br /public_html/area/img/icones ico-cad1.gif
2008.04.12 17:14 B D:\apache2triad\htdocs\Exathum Locaweb\area\img\icones\ico-cad1.jpg --> ftp975.locaweb.com.br /public_html/area/img/icones ico-cad1.jpg
2008.04.12 17:14 B D:\apache2triad\htdocs\Exathum Locaweb\area\img\icones\ico-cad2.gif --> ftp975.locaweb.com.br /public_html/area/img/icones ico-cad2.gif
2008.04.12 17:14 B D:\apache2triad\htdocs\Exathum Locaweb\area\img\icones\ico-cad2.jpg --> ftp975.locaweb.com.br /public_html/area/img/icones ico-cad2.jpg
2008.04.12 17:14 B D:\apache2triad\htdocs\Exathum Locaweb\area\img\icones\ico-cad3.gif --> ftp975.locaweb.com.br /public_html/area/img/icones ico-cad3.gif
2008.04.12 17:14 B D:\apache2triad\htdocs\Exathum Locaweb\area\img\icones\ico-cad3.jpg --> ftp975.locaweb.com.br /public_html/area/img/icones ico-cad3.jpg
2008.04.12 17:14 B D:\apache2triad\htdocs\Exathum Locaweb\area\img\icones\ico-cad4.gif --> ftp975.locaweb.com.br /public_html/area/img/icones ico-cad4.gif
2008.04.12 17:14 B D:\apache2triad\htdocs\Exathum Locaweb\area\img\icones\ico-cad4.jpg --> ftp975.locaweb.com.br /public_html/area/img/icones ico-cad4.jpg
2008.04.12 17:14 B D:\apache2triad\htdocs\Exathum Locaweb\area\img\icones\ico-chat.gif --> ftp975.locaweb.com.br /public_html/area/img/icones ico-chat.gif
2008.04.12 17:14 B D:\apache2triad\htdocs\Exathum Locaweb\area\img\icones\ico-chat.jpg --> ftp975.locaweb.com.br /public_html/area/img/icones ico-chat.jpg
2008.04.12 17:14 B D:\apache2triad\htdocs\Exathum Locaweb\area\img\icones\ico-enquete.jpg --> ftp975.locaweb.com.br /public_html/area/img/icones ico-enquete.jpg
2008.04.12 17:14 B D:\apache2triad\htdocs\Exathum Locaweb\area\img\icones\ico-exclui-arquivo.jpg --> ftp975.locaweb.com.br /public_html/area/img/icones ico-exclui-arquivo.jpg
2008.04.12 17:14 B D:\apache2triad\htdocs\Exathum Locaweb\area\img\icones\ico-exclui-horario.jpg --> ftp975.locaweb.com.br /public_html/area/img/icones ico-exclui-horario.jpg
2008.04.12 17:14 B D:\apache2triad\htdocs\Exathum Locaweb\area\img\icones\ico-exclui-noticias.jpg --> ftp975.locaweb.com.br /public_html/area/img/icones ico-exclui-noticias.jpg
2008.04.12 17:14 B D:\apache2triad\htdocs\Exathum Locaweb\area\img\icones\ico-exclui-vestiba.jpg --> ftp975.locaweb.com.br /public_html/area/img/icones ico-exclui-vestiba.jpg
2008.04.12 17:14 B D:\apache2triad\htdocs\Exathum Locaweb\area\img\icones\ico-extensivo.gif --> ftp975.locaweb.com.br /public_html/area/img/icones ico-extensivo.gif
2008.04.12 17:14 B D:\apache2triad\htdocs\Exathum Locaweb\area\img\icones\ico-extensivo.jpg --> ftp975.locaweb.com.br /public_html/area/img/icones ico-extensivo.jpg
2008.04.12 17:14 B D:\apache2triad\htdocs\Exathum Locaweb\area\img\icones\ico-extensivo1.gif --> ftp975.locaweb.com.br /public_html/area/img/icones ico-extensivo1.gif
2008.04.12 17:14 B D:\apache2triad\htdocs\Exathum Locaweb\area\img\icones\ico-extensivo2.gif --> ftp975.locaweb.com.br /public_html/area/img/icones ico-extensivo2.gif
2008.04.12 17:14 B D:\apache2triad\htdocs\Exathum Locaweb\area\img\icones\ico-extensivo3.gif --> ftp975.locaweb.com.br /public_html/area/img/icones ico-extensivo3.gif
2008.04.12 17:14 B D:\apache2triad\htdocs\Exathum Locaweb\area\img\icones\ico-extensivo4.gif --> ftp975.locaweb.com.br /public_html/area/img/icones ico-extensivo4.gif
2008.04.12 17:14 B D:\apache2triad\htdocs\Exathum Locaweb\area\img\icones\ico-forum.gif --> ftp975.locaweb.com.br /public_html/area/img/icones ico-forum.gif
2008.04.12 17:14 B D:\apache2triad\htdocs\Exathum Locaweb\area\img\icones\ico-forum.jpg --> ftp975.locaweb.com.br /public_html/area/img/icones ico-forum.jpg
2008.04.12 17:14 B D:\apache2triad\htdocs\Exathum Locaweb\area\img\icones\ico-gabarito.jpg --> ftp975.locaweb.com.br /public_html/area/img/icones ico-gabarito.jpg
2008.04.12 17:14 B D:\apache2triad\htdocs\Exathum Locaweb\area\img\icones\ico-horario-fim.jpg --> ftp975.locaweb.com.br /public_html/area/img/icones ico-horario-fim.jpg
2008.04.12 17:14 B D:\apache2triad\htdocs\Exathum Locaweb\area\img\icones\ico-horario.gif --> ftp975.locaweb.com.br /public_html/area/img/icones ico-horario.gif
2008.04.12 17:15 B D:\apache2triad\htdocs\Exathum Locaweb\area\img\icones\ico-horario.jpg --> ftp975.locaweb.com.br /public_html/area/img/icones ico-horario.jpg
2008.04.12 17:15 B D:\apache2triad\htdocs\Exathum Locaweb\area\img\icones\ico-importa-estudantes.jpg --> ftp975.locaweb.com.br /public_html/area/img/icones ico-importa-estudantes.jpg
2008.04.12 17:15 B D:\apache2triad\htdocs\Exathum Locaweb\area\img\icones\ico-inclui-arquivo.jpg --> ftp975.locaweb.com.br /public_html/area/img/icones ico-inclui-arquivo.jpg
2008.04.12 17:15 B D:\apache2triad\htdocs\Exathum Locaweb\area\img\icones\ico-inclui-horario.jpg --> ftp975.locaweb.com.br /public_html/area/img/icones ico-inclui-horario.jpg
2008.04.12 17:15 B D:\apache2triad\htdocs\Exathum Locaweb\area\img\icones\ico-inclui-noticias.jpg --> ftp975.locaweb.com.br /public_html/area/img/icones ico-inclui-noticias.jpg
2008.04.12 17:15 B D:\apache2triad\htdocs\Exathum Locaweb\area\img\icones\ico-inclui-vestiba.jpg --> ftp975.locaweb.com.br /public_html/area/img/icones ico-inclui-vestiba.jpg
2008.04.12 17:15 B D:\apache2triad\htdocs\Exathum Locaweb\area\img\icones\ico-intensivo.jpg --> ftp975.locaweb.com.br /public_html/area/img/icones ico-intensivo.jpg
2008.04.12 17:15 B D:\apache2triad\htdocs\Exathum Locaweb\area\img\icones\ico-leitura.gif --> ftp975.locaweb.com.br /public_html/area/img/icones ico-leitura.gif
2008.04.12 17:15 B D:\apache2triad\htdocs\Exathum Locaweb\area\img\icones\ico-leitura.jpg --> ftp975.locaweb.com.br /public_html/area/img/icones ico-leitura.jpg
2008.04.12 17:15 B D:\apache2triad\htdocs\Exathum Locaweb\area\img\icones\ico-mail.gif --> ftp975.locaweb.com.br /public_html/area/img/icones ico-mail.gif
2008.04.12 17:15 B D:\apache2triad\htdocs\Exathum Locaweb\area\img\icones\ico-mail.jpg --> ftp975.locaweb.com.br /public_html/area/img/icones ico-mail.jpg
2008.04.12 17:15 B D:\apache2triad\htdocs\Exathum Locaweb\area\img\icones\ico-noticias.gif --> ftp975.locaweb.com.br /public_html/area/img/icones ico-noticias.gif
2008.04.12 17:15 B D:\apache2triad\htdocs\Exathum Locaweb\area\img\icones\ico-noticias.jpg --> ftp975.locaweb.com.br /public_html/area/img/icones ico-noticias.jpg
2008.04.12 17:15 B D:\apache2triad\htdocs\Exathum Locaweb\area\img\icones\ico-obras.gif --> ftp975.locaweb.com.br /public_html/area/img/icones ico-obras.gif
2008.04.12 17:15 B D:\apache2triad\htdocs\Exathum Locaweb\area\img\icones\ico-obras.jpg --> ftp975.locaweb.com.br /public_html/area/img/icones ico-obras.jpg
2008.04.12 17:15 B D:\apache2triad\htdocs\Exathum Locaweb\area\img\icones\ico-res.jpg --> ftp975.locaweb.com.br /public_html/area/img/icones ico-res.jpg
2008.04.12 17:15 B D:\apache2triad\htdocs\Exathum Locaweb\area\img\icones\ico-resolucoes.jpg --> ftp975.locaweb.com.br /public_html/area/img/icones ico-resolucoes.jpg
2008.04.12 17:15 B D:\apache2triad\htdocs\Exathum Locaweb\area\img\icones\ico-revisaoudesc2.jpg --> ftp975.locaweb.com.br /public_html/area/img/icones ico-revisaoudesc2.jpg
2008.04.12 17:15 B D:\apache2triad\htdocs\Exathum Locaweb\area\img\icones\ico-revisaoufsc.jpg --> ftp975.locaweb.com.br /public_html/area/img/icones ico-revisaoufsc.jpg
2008.04.12 17:15 B D:\apache2triad\htdocs\Exathum Locaweb\area\img\icones\ico-semi.gif --> ftp975.locaweb.com.br /public_html/area/img/icones ico-semi.gif
2008.04.12 17:15 B D:\apache2triad\htdocs\Exathum Locaweb\area\img\icones\ico-semi.jpg --> ftp975.locaweb.com.br /public_html/area/img/icones ico-semi.jpg
2008.04.12 17:15 B D:\apache2triad\htdocs\Exathum Locaweb\area\img\icones\ico-semi1.gif --> ftp975.locaweb.com.br /public_html/area/img/icones ico-semi1.gif
2008.04.12 17:15 B D:\apache2triad\htdocs\Exathum Locaweb\area\img\icones\ico-semi2.gif --> ftp975.locaweb.com.br /public_html/area/img/icones ico-semi2.gif
2008.04.12 17:15 B D:\apache2triad\htdocs\Exathum Locaweb\area\img\icones\ico-semi3.gif --> ftp975.locaweb.com.br /public_html/area/img/icones ico-semi3.gif
2008.04.12 17:15 B D:\apache2triad\htdocs\Exathum Locaweb\area\img\icones\ico-vestiba.gif --> ftp975.locaweb.com.br /public_html/area/img/icones ico-vestiba.gif
2008.04.12 17:15 B D:\apache2triad\htdocs\Exathum Locaweb\area\img\icones\ico-vestiba.jpg --> ftp975.locaweb.com.br /public_html/area/img/icones ico-vestiba.jpg
2008.04.12 17:15 B D:\apache2triad\htdocs\Exathum Locaweb\area\img\icones\leitura.gif --> ftp975.locaweb.com.br /public_html/area/img/icones leitura.gif
2008.04.12 17:15 B D:\apache2triad\htdocs\Exathum Locaweb\area\img\icones\logo-horario.gif --> ftp975.locaweb.com.br /public_html/area/img/icones logo-horario.gif
2008.04.12 17:15 B D:\apache2triad\htdocs\Exathum Locaweb\area\img\icones\logo-mail.gif --> ftp975.locaweb.com.br /public_html/area/img/icones logo-mail.gif
2008.04.12 17:15 B D:\apache2triad\htdocs\Exathum Locaweb\area\img\icones\logo-pdf.gif --> ftp975.locaweb.com.br /public_html/area/img/icones logo-pdf.gif
2008.04.12 17:15 B D:\apache2triad\htdocs\Exathum Locaweb\area\img\icones\obras.gif --> ftp975.locaweb.com.br /public_html/area/img/icones obras.gif
2008.04.12 17:15 B D:\apache2triad\htdocs\Exathum Locaweb\area\img\icones\provas1.gif --> ftp975.locaweb.com.br /public_html/area/img/icones provas1.gif
2008.04.12 17:15 B D:\apache2triad\htdocs\Exathum Locaweb\area\img\icones\resolucao.jpg --> ftp975.locaweb.com.br /public_html/area/img/icones resolucao.jpg
2008.04.12 17:15 B D:\apache2triad\htdocs\Exathum Locaweb\area\img\icones\resolucao3.gif --> ftp975.locaweb.com.br /public_html/area/img/icones resolucao3.gif
2008.04.12 17:15 B D:\apache2triad\htdocs\Exathum Locaweb\area\img\icones\simulado.gif --> ftp975.locaweb.com.br /public_html/area/img/icones simulado.gif
2008.04.12 17:15 B D:\apache2triad\htdocs\Exathum Locaweb\area\img\icones\Thumbs.db --> ftp975.locaweb.com.br /public_html/area/img/icones Thumbs.db
